<?xml version="1.0" encoding="UTF-8"?>
<!-- Generated by org.testng.reporters.JUnitReportReporter -->
<testsuite skipped="0" hostname="DESKTOP-BB2GFQJ" name="TestNGForMaven" tests="1" failures="0" timestamp="12 Dec 2018 19:13:36 GMT" time="0.000" errors="0">
  <testcase name="f3" time="0.000" classname="TestNGForMaven"/>
</testsuite> <!-- TestNGForMaven -->
